Flutter crash report.
Please report a bug at https://github.com/flutter/flutter/issues.

## command

flutter analyze lib

## exception

PathNotFoundException: PathNotFoundException: Directory listing failed, path = '/Users/deusjohn/Documents/Shamba smart/.flutter_sdk/examples/' (OS Error: No such file or directory, errno = 2)

```
#0      _Directory._fillWithDirectoryListing (dart:io-patch/directory_patch.dart:49:4)
#1      _Directory.listSync (dart:io/directory_impl.dart:259:5)
#2      ForwardingDirectory.listSync (package:file/src/forwarding/forwarding_directory.dart:43:12)
#3      ForwardingDirectory.listSync (package:file/src/forwarding/forwarding_directory.dart:43:12)
#4      FlutterCommandRunner._gatherProjectPaths (package:flutter_tools/src/runner/flutter_command_runner.dart:525:10)
#5      FlutterCommandRunner.getRepoPackages.<anonymous closure> (package:flutter_tools/src/runner/flutter_command_runner.dart:513:42)
#6      ExpandIterator.moveNext (dart:_internal/iterable.dart:510:31)
#7      MappedIterator.moveNext (dart:_internal/iterable.dart:419:19)
#8      new _GrowableList._ofOther (dart:core-patch/growable_array.dart:207:26)
#9      new _GrowableList.of (dart:core-patch/growable_array.dart:156:26)
#10     new List.of (dart:core-patch/array_patch.dart:39:18)
#11     Iterable.toList (dart:core/iterable.dart:517:7)
#12     FlutterCommandRunner.getRepoPackages (package:flutter_tools/src/runner/flutter_command_runner.dart:515:10)
#13     AnalyzeCommand.runCommand (package:flutter_tools/src/commands/analyze.dart:383:17)
#14     FlutterCommand.verifyThenRunCommand (package:flutter_tools/src/runner/flutter_command.dart:1938:12)
<asynchronous suspension>
#15     FlutterCommand.run.<anonymous closure> (package:flutter_tools/src/runner/flutter_command.dart:1590:27)
<asynchronous suspension>
#16     AppContext.run.<anonymous closure> (package:flutter_tools/src/base/context.dart:154:19)
<asynchronous suspension>
#17     CommandRunner.runCommand (package:args/command_runner.dart:212:13)
<asynchronous suspension>
#18     FlutterCommandRunner.runCommand.<anonymous closure> (package:flutter_tools/src/runner/flutter_command_runner.dart:496:9)
<asynchronous suspension>
#19     AppContext.run.<anonymous closure> (package:flutter_tools/src/base/context.dart:154:19)
<asynchronous suspension>
#20     FlutterCommandRunner.runCommand (package:flutter_tools/src/runner/flutter_command_runner.dart:431:5)
<asynchronous suspension>
#21     FlutterCommandRunner.run.<anonymous closure> (package:flutter_tools/src/runner/flutter_command_runner.dart:307:33)
<asynchronous suspension>
#22     run.<anonymous closure>.<anonymous closure> (package:flutter_tools/runner.dart:104:11)
<asynchronous suspension>
#23     AppContext.run.<anonymous closure> (package:flutter_tools/src/base/context.dart:154:19)
<asynchronous suspension>
#24     main (package:flutter_tools/executable.dart:103:3)
<asynchronous suspension>
```

## flutter doctor

```
[✓] Flutter (Channel stable, 3.41.6, on macOS 26.4 25E246 darwin-x64, locale en-001) [2.6s]
    • Flutter version 3.41.6 on channel stable at /Users/deusjohn/Documents/Shamba smart/.flutter_sdk
    • Upstream repository https://github.com/flutter/flutter.git
    • Framework revision db50e20168 (9 weeks ago), 2026-03-25 16:21:00 -0700
    • Engine revision 425cfb54d0
    • Dart version 3.11.4
    • DevTools version 2.54.2
    • Feature flags: enable-web, enable-linux-desktop, enable-macos-desktop, enable-windows-desktop, enable-android, enable-ios, cli-animations, enable-native-assets, omit-legacy-version-file, enable-lldb-debugging, enable-uiscene-migration

[✓] Android toolchain - develop for Android devices (Android SDK version 37.0.0) [4.4s]
    • Android SDK at /Users/deusjohn/Library/Android/sdk
    • Emulator version unknown
    • Platform android-37.0, build-tools 37.0.0
    • Java binary at: /Applications/Android Studio.app/Contents/jbr/Contents/Home/bin/java
      This is the JDK bundled with the latest Android Studio installation on this machine.
      To manually set the JDK path, use: `flutter config --jdk-dir="path/to/jdk"`.
    • Java version OpenJDK Runtime Environment (build 21.0.9+-14787801-b1163.94)
    • All Android licenses accepted.

[!] Xcode - develop for iOS and macOS (Xcode 26.5) [3.6s]
    • Xcode at /Applications/Xcode.app/Contents/Developer
    • Build 17F42
    ✗ Xcode requires additional components to be installed in order to run.
      Launch Xcode and install additional required components when prompted or run:
        sudo xcodebuild -runFirstLaunch
    • CocoaPods version 1.16.2

[✓] Chrome - develop for the web [5ms]
    • Chrome at /Applications/Google Chrome.app/Contents/MacOS/Google Chrome

[☠] Proxy Configuration (the doctor check crashed)
    ✗ Due to an error, the doctor check did not complete. If the error message below is not helpful, please let us know about this issue at https://github.com/flutter/flutter/issues.
    ✗ SocketException: Failed listing interfaces (OS Error: Unknown error)
    • #0      _NativeSocket.listInterfaces.<anonymous closure> (dart:io-patch/socket_patch.dart:626:9)
      #1      _rootRunUnary (dart:async/zone_root.dart:48:47)
      #2      _CustomZone.runUnary (dart:async/zone.dart:733:19)
      <asynchronous suspension>
      #3      listNetworkInterfaces (package:flutter_tools/src/base/io.dart:450:48)
      <asynchronous suspension>
      #4      ProxyValidator._getLoopbackAddresses (package:flutter_tools/src/proxy_validator.dart:59:54)
      <asynchronous suspension>
      #5      ProxyValidator.validateImpl (package:flutter_tools/src/proxy_validator.dart:44:46)
      <asynchronous suspension>
      #6      DoctorValidator.validate (package:flutter_tools/src/doctor_validator.dart:58:37)
      <asynchronous suspension>
      #7      Future.any.onValue (dart:async/future.dart:637:5)
      <asynchronous suspension>


[✓] Connected device (2 available) [12.9s]
    • macOS (desktop) • macos  • darwin-x64     • macOS 26.4 25E246 darwin-x64
    • Chrome (web)    • chrome • web-javascript • Google Chrome 148.0.7778.179

[!] Network resources [1,183ms]
    ✗ An HTTP error occurred while checking "https://maven.google.com/": Proxy failed to establish tunnel (403 Forbidden)

! Doctor found issues in 3 categories.
```
